<?xml version="1.0" encoding="UTF-8"?>
<testng-results ignored="0" total="9" passed="9" failed="0" skipped="0">
  <reporter-output>
  </reporter-output>
  <suite started-at="2026-05-12T19:32:39 IST" name="E2E Full Suite" finished-at="2026-05-12T19:33:41 IST" duration-ms="61551">
    <groups>
    </groups>
    <test started-at="2026-05-12T19:32:39 IST" name="All Tests" finished-at="2026-05-12T19:33:41 IST" duration-ms="61551">
      <class name="tests.AdminTest">
        <test-method is-config="true" signature="setUp()[pri:0, instance:tests.AdminTest@4fb61f4a]" started-at="2026-05-12T19:33:19 IST" name="setUp" finished-at="2026-05-12T19:33:20 IST" duration-ms="1045" status="PASS">
          <reporter-output>
          </reporter-output>
        </test-method> <!-- setUp -->
        <test-method is-config="true" signature="loginAsAdmin()[pri:0, instance:tests.AdminTest@4fb61f4a]" started-at="2026-05-12T19:33:20 IST" name="loginAsAdmin" finished-at="2026-05-12T19:33:23 IST" duration-ms="2281" status="PASS">
          <reporter-output>
          </reporter-output>
        </test-method> <!-- loginAsAdmin -->
        <test-method signature="testAddProduct()[pri:0, instance:tests.AdminTest@4fb61f4a]" started-at="2026-05-12T19:33:23 IST" name="testAddProduct" finished-at="2026-05-12T19:33:33 IST" duration-ms="10138" status="PASS">
          <reporter-output>
          </reporter-output>
        </test-method> <!-- testAddProduct -->
        <test-method is-config="true" signature="tearDown()[pri:0, instance:tests.AdminTest@4fb61f4a]" started-at="2026-05-12T19:33:33 IST" name="tearDown" finished-at="2026-05-12T19:33:33 IST" duration-ms="140" status="PASS">
          <reporter-output>
          </reporter-output>
        </test-method> <!-- tearDown -->
        <test-method is-config="true" signature="setUp()[pri:0, instance:tests.AdminTest@4fb61f4a]" started-at="2026-05-12T19:33:33 IST" name="setUp" finished-at="2026-05-12T19:33:34 IST" duration-ms="1112" status="PASS">
          <reporter-output>
          </reporter-output>
        </test-method> <!-- setUp -->
        <test-method is-config="true" signature="loginAsAdmin()[pri:0, instance:tests.AdminTest@4fb61f4a]" started-at="2026-05-12T19:33:34 IST" name="loginAsAdmin" finished-at="2026-05-12T19:33:36 IST" duration-ms="2259" status="PASS">
          <reporter-output>
          </reporter-output>
        </test-method> <!-- loginAsAdmin -->
        <test-method signature="testAdminStatsDisplay()[pri:0, instance:tests.AdminTest@4fb61f4a]" started-at="2026-05-12T19:33:36 IST" name="testAdminStatsDisplay" finished-at="2026-05-12T19:33:36 IST" duration-ms="9" status="PASS">
          <reporter-output>
          </reporter-output>
        </test-method> <!-- testAdminStatsDisplay -->
        <test-method is-config="true" signature="tearDown()[pri:0, instance:tests.AdminTest@4fb61f4a]" started-at="2026-05-12T19:33:36 IST" name="tearDown" finished-at="2026-05-12T19:33:36 IST" duration-ms="138" status="PASS">
          <reporter-output>
          </reporter-output>
        </test-method> <!-- tearDown -->
        <test-method is-config="true" signature="setUp()[pri:0, instance:tests.AdminTest@4fb61f4a]" started-at="2026-05-12T19:33:36 IST" name="setUp" finished-at="2026-05-12T19:33:38 IST" duration-ms="1200" status="PASS">
          <reporter-output>
          </reporter-output>
        </test-method> <!-- setUp -->
        <test-method is-config="true" signature="loginAsAdmin()[pri:0, instance:tests.AdminTest@4fb61f4a]" started-at="2026-05-12T19:33:38 IST" name="loginAsAdmin" finished-at="2026-05-12T19:33:40 IST" duration-ms="2335" status="PASS">
          <reporter-output>
          </reporter-output>
        </test-method> <!-- loginAsAdmin -->
        <test-method signature="testUpdateOrderStatus()[pri:0, instance:tests.AdminTest@4fb61f4a]" started-at="2026-05-12T19:33:40 IST" name="testUpdateOrderStatus" finished-at="2026-05-12T19:33:41 IST" duration-ms="678" status="PASS">
          <reporter-output>
          </reporter-output>
        </test-method> <!-- testUpdateOrderStatus -->
        <test-method is-config="true" signature="tearDown()[pri:0, instance:tests.AdminTest@4fb61f4a]" started-at="2026-05-12T19:33:41 IST" name="tearDown" finished-at="2026-05-12T19:33:41 IST" duration-ms="152" status="PASS">
          <reporter-output>
          </reporter-output>
        </test-method> <!-- tearDown -->
      </class> <!-- tests.AdminTest -->
      <class name="tests.HomePageTest">
        <test-method is-config="true" signature="setUp()[pri:0, instance:tests.HomePageTest@130161f7]" started-at="2026-05-12T19:32:39 IST" name="setUp" finished-at="2026-05-12T19:32:42 IST" duration-ms="3126" status="PASS">
          <reporter-output>
          </reporter-output>
        </test-method> <!-- setUp -->
        <test-method signature="testMarketingContentWhenNotLoggedIn()[pri:0, instance:tests.HomePageTest@130161f7]" started-at="2026-05-12T19:32:42 IST" name="testMarketingContentWhenNotLoggedIn" finished-at="2026-05-12T19:32:44 IST" duration-ms="2040" status="PASS">
          <reporter-output>
          </reporter-output>
        </test-method> <!-- testMarketingContentWhenNotLoggedIn -->
        <test-method is-config="true" signature="tearDown()[pri:0, instance:tests.HomePageTest@130161f7]" started-at="2026-05-12T19:32:44 IST" name="tearDown" finished-at="2026-05-12T19:32:45 IST" duration-ms="147" status="PASS">
          <reporter-output>
          </reporter-output>
        </test-method> <!-- tearDown -->
        <test-method is-config="true" signature="setUp()[pri:0, instance:tests.HomePageTest@130161f7]" started-at="2026-05-12T19:32:45 IST" name="setUp" finished-at="2026-05-12T19:32:46 IST" duration-ms="1347" status="PASS">
          <reporter-output>
          </reporter-output>
        </test-method> <!-- setUp -->
        <test-method signature="testProductGridAfterLogin()[pri:0, instance:tests.HomePageTest@130161f7]" started-at="2026-05-12T19:32:46 IST" name="testProductGridAfterLogin" finished-at="2026-05-12T19:32:50 IST" duration-ms="4324" status="PASS">
          <reporter-output>
          </reporter-output>
        </test-method> <!-- testProductGridAfterLogin -->
        <test-method is-config="true" signature="tearDown()[pri:0, instance:tests.HomePageTest@130161f7]" started-at="2026-05-12T19:32:50 IST" name="tearDown" finished-at="2026-05-12T19:32:50 IST" duration-ms="139" status="PASS">
          <reporter-output>
          </reporter-output>
        </test-method> <!-- tearDown -->
      </class> <!-- tests.HomePageTest -->
      <class name="tests.CartTest">
        <test-method is-config="true" signature="setUp()[pri:0, instance:tests.CartTest@158da8e]" started-at="2026-05-12T19:32:50 IST" name="setUp" finished-at="2026-05-12T19:32:52 IST" duration-ms="1261" status="PASS">
          <reporter-output>
          </reporter-output>
        </test-method> <!-- setUp -->
        <test-method is-config="true" signature="login()[pri:0, instance:tests.CartTest@158da8e]" started-at="2026-05-12T19:32:52 IST" name="login" finished-at="2026-05-12T19:32:52 IST" duration-ms="232" status="PASS">
          <reporter-output>
          </reporter-output>
        </test-method> <!-- login -->
        <test-method signature="testAddToCartAndRemove()[pri:0, instance:tests.CartTest@158da8e]" started-at="2026-05-12T19:32:52 IST" name="testAddToCartAndRemove" finished-at="2026-05-12T19:32:57 IST" duration-ms="5058" status="PASS">
          <reporter-output>
          </reporter-output>
        </test-method> <!-- testAddToCartAndRemove -->
        <test-method is-config="true" signature="tearDown()[pri:0, instance:tests.CartTest@158da8e]" started-at="2026-05-12T19:32:57 IST" name="tearDown" finished-at="2026-05-12T19:32:57 IST" duration-ms="136" status="PASS">
          <reporter-output>
          </reporter-output>
        </test-method> <!-- tearDown -->
        <test-method is-config="true" signature="setUp()[pri:0, instance:tests.CartTest@158da8e]" started-at="2026-05-12T19:32:57 IST" name="setUp" finished-at="2026-05-12T19:32:58 IST" duration-ms="1286" status="PASS">
          <reporter-output>
          </reporter-output>
        </test-method> <!-- setUp -->
        <test-method is-config="true" signature="login()[pri:0, instance:tests.CartTest@158da8e]" started-at="2026-05-12T19:32:58 IST" name="login" finished-at="2026-05-12T19:32:59 IST" duration-ms="247" status="PASS">
          <reporter-output>
          </reporter-output>
        </test-method> <!-- login -->
        <test-method signature="testCheckoutFlow()[pri:0, instance:tests.CartTest@158da8e]" started-at="2026-05-12T19:32:59 IST" name="testCheckoutFlow" finished-at="2026-05-12T19:33:04 IST" duration-ms="5671" status="PASS">
          <reporter-output>
          </reporter-output>
        </test-method> <!-- testCheckoutFlow -->
        <test-method is-config="true" signature="tearDown()[pri:0, instance:tests.CartTest@158da8e]" started-at="2026-05-12T19:33:04 IST" name="tearDown" finished-at="2026-05-12T19:33:04 IST" duration-ms="119" status="PASS">
          <reporter-output>
          </reporter-output>
        </test-method> <!-- tearDown -->
      </class> <!-- tests.CartTest -->
      <class name="tests.ReviewTest">
        <test-method is-config="true" signature="setUp()[pri:0, instance:tests.ReviewTest@3e58a80e]" started-at="2026-05-12T19:33:11 IST" name="setUp" finished-at="2026-05-12T19:33:12 IST" duration-ms="1402" status="PASS">
          <reporter-output>
          </reporter-output>
        </test-method> <!-- setUp -->
        <test-method is-config="true" signature="login()[pri:0, instance:tests.ReviewTest@3e58a80e]" started-at="2026-05-12T19:33:12 IST" name="login" finished-at="2026-05-12T19:33:12 IST" duration-ms="186" status="PASS">
          <reporter-output>
          </reporter-output>
        </test-method> <!-- login -->
        <test-method signature="testAddProductReview()[pri:0, instance:tests.ReviewTest@3e58a80e]" started-at="2026-05-12T19:33:12 IST" name="testAddProductReview" finished-at="2026-05-12T19:33:19 IST" duration-ms="6849" status="PASS">
          <reporter-output>
          </reporter-output>
        </test-method> <!-- testAddProductReview -->
        <test-method is-config="true" signature="tearDown()[pri:0, instance:tests.ReviewTest@3e58a80e]" started-at="2026-05-12T19:33:19 IST" name="tearDown" finished-at="2026-05-12T19:33:19 IST" duration-ms="134" status="PASS">
          <reporter-output>
          </reporter-output>
        </test-method> <!-- tearDown -->
      </class> <!-- tests.ReviewTest -->
      <class name="tests.WishlistTest">
        <test-method is-config="true" signature="setUp()[pri:0, instance:tests.WishlistTest@6b927fb]" started-at="2026-05-12T19:33:04 IST" name="setUp" finished-at="2026-05-12T19:33:05 IST" duration-ms="1001" status="PASS">
          <reporter-output>
          </reporter-output>
        </test-method> <!-- setUp -->
        <test-method is-config="true" signature="login()[pri:0, instance:tests.WishlistTest@6b927fb]" started-at="2026-05-12T19:33:05 IST" name="login" finished-at="2026-05-12T19:33:06 IST" duration-ms="175" status="PASS">
          <reporter-output>
          </reporter-output>
        </test-method> <!-- login -->
        <test-method signature="testAddToWishlist()[pri:0, instance:tests.WishlistTest@6b927fb]" started-at="2026-05-12T19:33:06 IST" name="testAddToWishlist" finished-at="2026-05-12T19:33:11 IST" duration-ms="5012" status="PASS">
          <reporter-output>
          </reporter-output>
        </test-method> <!-- testAddToWishlist -->
        <test-method is-config="true" signature="tearDown()[pri:0, instance:tests.WishlistTest@6b927fb]" started-at="2026-05-12T19:33:11 IST" name="tearDown" finished-at="2026-05-12T19:33:11 IST" duration-ms="134" status="PASS">
          <reporter-output>
          </reporter-output>
        </test-method> <!-- tearDown -->
      </class> <!-- tests.WishlistTest -->
    </test> <!-- All Tests -->
  </suite> <!-- E2E Full Suite -->
</testng-results>
