<?xml version="1.0" encoding="UTF-8"?>
<!-- Generated by org.testng.reporters.JUnitXMLReporter -->
<testsuite ignored="0" hostname="DESKTOP-OL118CV" failures="0" tests="5" name="All Tests" time="22.366" errors="0" timestamp="2026-05-02T20:31:19 IST">
  <testcase classname="tests.LoginTest" name="testInvalidLogin" time="0.347"/>
  <testcase classname="tests.LoginTest" name="testValidLogin" time="1.949"/>
  <testcase classname="tests.AddToCartTest" name="testAddProductToCart" time="0.945"/>
  <testcase classname="tests.AddToCartTest" name="testRemoveProductFromCart" time="0.983"/>
  <testcase classname="tests.CheckoutTest" name="testCompleteCheckoutFlow" time="1.703"/>
</testsuite> <!-- All Tests -->
